<?xml version="1.0" encoding="utf-8"?><testsuites name="pytest tests"><testsuite name="pytest" errors="0" failures="0" skipped="0" tests="6" time="13.147" timestamp="2026-06-30T19:10:32.965966+00:00" hostname="agent-env-ff9133b9-e0f4-4bd3-80f1-eaea764f7ab0"><testcase classname="tests.test_hover_import_async" name="test_post_hover_import_returns_async_shape" time="0.661" /><testcase classname="tests.test_hover_import_async" name="test_post_hover_import_rejects_non_pdf" time="5.845" /><testcase classname="tests.test_hover_import_async" name="test_post_hover_import_rejects_large_pdf" time="1.561" /><testcase classname="tests.test_hover_import_async" name="test_status_unknown_run_id_404" time="0.108" /><testcase classname="tests.test_hover_import_async" name="test_status_returns_expected_shape_running" time="4.469" /><testcase classname="tests.test_hover_import_async" name="test_unauth_post_returns_401" time="0.187" /></testsuite></testsuites>