<?xml version="1.0" encoding="utf-8"?><testsuites name="pytest tests"><testsuite name="pytest" errors="0" failures="3" skipped="0" tests="10" time="2.354" timestamp="2026-07-30T12:20:48.639261+00:00" hostname="agent-env-ff9133b9-e0f4-4bd3-80f1-eaea764f7ab0"><testcase classname="tests.test_iteration_48_trade_specs.TestPutBounds" name="test_panel_size_4x12_rejected" time="0.487" /><testcase classname="tests.test_iteration_48_trade_specs.TestPutBounds" name="test_wrap_trim_5_rejected" time="0.052" /><testcase classname="tests.test_iteration_48_trade_specs.TestPutBounds" name="test_panel_size_4x8_accepted" time="0.129" /><testcase classname="tests.test_iteration_48_trade_specs.TestPutBounds" name="test_wrap_trim_6_accepted" time="0.089" /><testcase classname="tests.test_iteration_48_trade_specs.TestPersistence" name="test_four_specs_persist" time="0.164" /><testcase classname="tests.test_iteration_48_trade_specs.TestDerivation" name="test_panel_size_4x8_renames_and_recounts" time="0.388"><failure message="AssertionError: expected 4' x 8' Panel line after PUT; names=[&quot;38 Series 4' x 10' Panel&quot;, '38 Series Lap 3/8&quot; x 8&quot; x 16\'']&#10;assert []">backend/tests/test_iteration_48_trade_specs.py:106: in test_panel_size_4x8_renames_and_recounts
    assert four_x_eight, (
E   AssertionError: expected 4' x 8' Panel line after PUT; names=["38 Series 4' x 10' Panel", '38 Series Lap 3/8" x 8" x 16\'']
E   assert []</failure></testcase><testcase classname="tests.test_iteration_48_trade_specs.TestDerivation" name="test_wrap_trim_width_renames_only" time="0.349"><failure message="AssertionError: expected 5/4&quot; x 6&quot; 540 line after PUT; got ['540 Series Trim 5/4&quot; x 4&quot; x 16\'']&#10;assert []">backend/tests/test_iteration_48_trade_specs.py:127: in test_wrap_trim_width_renames_only
    assert after_6, f"expected 5/4\" x 6\" 540 line after PUT; got {[l.get('name') for l in after]}"
E   AssertionError: expected 5/4" x 6" 540 line after PUT; got ['540 Series Trim 5/4" x 4" x 16\'']
E   assert []</failure></testcase><testcase classname="tests.test_iteration_48_trade_specs.TestDerivation" name="test_fascia_width_renames_440" time="0.319"><failure message="AssertionError: expected 4/4&quot; x 12&quot; after PUT; got ['440 Series Trim 4/4&quot; x 8&quot; x 16\'']&#10;assert []">backend/tests/test_iteration_48_trade_specs.py:142: in test_fascia_width_renames_440
    assert after_12, f"expected 4/4\" x 12\" after PUT; got {[l.get('name') for l in after]}"
E   AssertionError: expected 4/4" x 12" after PUT; got ['440 Series Trim 4/4" x 8" x 16\'']
E   assert []</failure></testcase><testcase classname="tests.test_iteration_48_trade_specs.TestWholeUnits" name="test_no_fractional_qty" time="0.085" /><testcase classname="tests.test_iteration_48_trade_specs" name="test_zz_restore_defaults" time="0.168" /></testsuite></testsuites>