<?xml version="1.0" encoding="utf-8"?><testsuites name="pytest tests"><testsuite name="pytest" errors="0" failures="0" skipped="0" tests="51" time="3.228" timestamp="2026-07-04T22:06:52.397125+00:00" hostname="agent-env-ff9133b9-e0f4-4bd3-80f1-eaea764f7ab0"><testcase classname="tests.test_run1_defects" name="test_is_empty_extraction_detects_all_empty" time="0.006" /><testcase classname="tests.test_run1_defects" name="test_is_empty_extraction_ignores_true_extraction" time="0.006" /><testcase classname="tests.test_run1_defects" name="test_is_empty_extraction_flags_extraction_errors" time="0.005" /><testcase classname="tests.test_run1_defects" name="test_reconcile_prompt_enumerates_direct_single_reading" time="0.005" /><testcase classname="tests.test_run1_defects" name="test_reconcile_prompt_requires_two_readings_for_direct_consensus" time="0.006" /><testcase classname="tests.test_run1_defects" name="test_aggregate_surfaces_empty_photos_meta" time="0.010" /><testcase classname="tests.test_run1_defects" name="test_aggregate_omits_empty_metadata_on_healthy_run" time="0.005" /><testcase classname="tests.test_run1_defects" name="test_dormer_scan_helpers_are_gone" time="0.005" /><testcase classname="tests.test_run1_defects" name="test_deep_dormer_scan_flag_still_accepted_but_noop" time="0.001" /><testcase classname="tests.test_two_phase_pipeline" name="test_two_phase_entry_points_are_importable" time="0.000" /><testcase classname="tests.test_two_phase_pipeline" name="test_per_photo_prompt_asks_only_for_extraction" time="0.000" /><testcase classname="tests.test_two_phase_pipeline" name="test_reconcile_prompt_targets_aggregator_schema" time="0.000" /><testcase classname="tests.test_two_phase_pipeline" name="test_reconcile_prompt_carries_provenance_slots" time="0.000" /><testcase classname="tests.test_two_phase_pipeline" name="test_reconcile_rules_present" time="0.000" /><testcase classname="tests.test_two_phase_pipeline" name="test_eave_disagreement_rule_amber_estimated" time="0.000" /><testcase classname="tests.test_two_phase_pipeline" name="test_dormer_width_rule_matches_eave_rigor" time="0.000" /><testcase classname="tests.test_two_phase_pipeline" name="test_dormer_schema_carries_per_photo_readings" time="0.000" /><testcase classname="tests.test_opening_dedup_twin_safety" name="test_reconcile_prompt_forbids_wall_type_size_shortcut" time="0.001" /><testcase classname="tests.test_opening_dedup_twin_safety" name="test_reconcile_prompt_treats_null_position_as_keep_both" time="0.000" /><testcase classname="tests.test_opening_dedup_twin_safety" name="test_reconcile_prompt_bans_opening_id_as_cross_photo_key" time="0.000" /><testcase classname="tests.test_opening_dedup_twin_safety" name="test_single_call_prompt_matches_two_phase_rule" time="0.001" /><testcase classname="tests.test_opening_dedup_twin_safety" name="test_per_photo_prompt_requests_along_wall_ft" time="0.000" /><testcase classname="tests.test_opening_dedup_twin_safety" name="test_dedupe_preserves_twins_at_different_positions" time="0.000" /><testcase classname="tests.test_opening_dedup_twin_safety" name="test_dedupe_collapses_true_cross_photo_duplicate" time="0.000" /><testcase classname="tests.test_opening_dedup_twin_safety" name="test_dedupe_keeps_both_when_position_missing" time="0.000" /><testcase classname="tests.test_opening_dedup_twin_safety" name="test_dedupe_preserves_triple_casements" time="0.000" /><testcase classname="tests.test_opening_dedup_twin_safety" name="test_dedupe_preserves_matched_pair_of_garage_doors" time="0.000" /><testcase classname="tests.test_opening_dedup_twin_safety" name="test_dedupe_different_styles_at_same_position_kept" time="0.000" /><testcase classname="tests.test_opening_dedup_twin_safety" name="test_dedupe_different_sizes_kept" time="0.000" /><testcase classname="tests.test_dormers_array_end_to_end" name="test_reconcile_prompt_requests_dormers_array" time="0.000" /><testcase classname="tests.test_dormers_array_end_to_end" name="test_reconcile_prompt_never_collapses_different_face_dormers" time="0.000" /><testcase classname="tests.test_dormers_array_end_to_end" name="test_single_call_prompt_also_emits_dormers_array" time="0.001" /><testcase classname="tests.test_dormers_array_end_to_end" name="test_aggregator_preserves_both_dormers_from_array" time="0.000" /><testcase classname="tests.test_dormers_array_end_to_end" name="test_aggregator_wraps_legacy_singular_into_array" time="0.000" /><testcase classname="tests.test_dormers_array_end_to_end" name="test_aggregator_material_math_credits_both_dormers" time="0.000" /><testcase classname="tests.test_dormers_array_end_to_end" name="test_aggregator_empty_dormers_list_is_safe" time="0.000" /><testcase classname="tests.test_anthropic_direct_key" name="test_pick_llm_api_key_prefers_anthropic_direct_when_set" time="0.006" /><testcase classname="tests.test_anthropic_direct_key" name="test_pick_llm_api_key_falls_back_to_emergent_when_anthropic_unset" time="0.005" /><testcase classname="tests.test_anthropic_direct_key" name="test_pick_llm_api_key_never_uses_anthropic_for_gemini" time="0.005" /><testcase classname="tests.test_anthropic_direct_key" name="test_pick_llm_api_key_never_uses_anthropic_for_openai" time="0.006" /><testcase classname="tests.test_anthropic_direct_key" name="test_pick_llm_api_key_returns_none_when_both_missing" time="0.005" /><testcase classname="tests.test_anthropic_direct_key" name="test_pick_llm_api_key_ignores_whitespace_only_anthropic" time="0.005" /><testcase classname="tests.test_anthropic_direct_key" name="test_anthropic_key_env_never_referenced_by_frontend" time="0.004" /><testcase classname="tests.test_roof_type_material_math" name="test_red_house_dormer_deducts_opening_area_from_face" time="0.000" /><testcase classname="tests.test_roof_type_material_math" name="test_gable_shed_dormer_low_conf_skips_math" time="0.000" /><testcase classname="tests.test_roof_type_material_math" name="test_hip_zeros_gable_triangles" time="0.000" /><testcase classname="tests.test_roof_type_material_math" name="test_hip_low_conf_preserves_gables" time="0.000" /><testcase classname="tests.test_roof_type_material_math" name="test_gable_at_high_conf_is_no_op" time="0.000" /><testcase classname="tests.test_roof_type_material_math" name="test_dormer_with_no_on_dormer_openings_still_inflates" time="0.000" /><testcase classname="tests.test_roof_type_material_math" name="test_bogus_roof_type_is_ignored" time="0.000" /><testcase classname="tests.test_roof_type_material_math" name="test_confidence_boundary_at_exactly_0_8" time="0.000" /></testsuite></testsuites>