<?xml version="1.0" encoding="utf-8"?><testsuites name="pytest tests"><testsuite name="pytest" errors="0" failures="0" skipped="0" tests="21" time="3.136" timestamp="2026-07-05T01:03:59.068261+00:00" hostname="agent-env-ff9133b9-e0f4-4bd3-80f1-eaea764f7ab0"><testcase classname="tests.test_ai_health_ping" name="test_budget_exceeded_variants_map_to_budget_exceeded" time="0.000" /><testcase classname="tests.test_ai_health_ping" name="test_timeout_and_network_variants_map_to_unavailable" time="0.000" /><testcase classname="tests.test_ai_health_ping" name="test_unknown_error_is_ambiguous_not_budget" time="0.000" /><testcase classname="tests.test_ai_health_ping" name="test_ambiguous_detail_carries_truncated_raw_error" time="0.000" /><testcase classname="tests.test_phase_a_resilience" name="test_env_int_defaults_when_missing_or_bad" time="0.001" /><testcase classname="tests.test_phase_a_resilience" name="test_slow_photo_does_not_kill_batch_sync" time="1.004" /><testcase classname="tests.test_two_phase_pipeline" name="test_two_phase_entry_points_are_importable" time="0.000" /><testcase classname="tests.test_two_phase_pipeline" name="test_per_photo_prompt_asks_only_for_extraction" time="0.000" /><testcase classname="tests.test_two_phase_pipeline" name="test_reconcile_prompt_targets_aggregator_schema" time="0.000" /><testcase classname="tests.test_two_phase_pipeline" name="test_reconcile_prompt_carries_provenance_slots" time="0.000" /><testcase classname="tests.test_two_phase_pipeline" name="test_reconcile_rules_present" time="0.000" /><testcase classname="tests.test_two_phase_pipeline" name="test_eave_disagreement_rule_amber_estimated" time="0.000" /><testcase classname="tests.test_two_phase_pipeline" name="test_dormer_width_rule_matches_eave_rigor" time="0.000" /><testcase classname="tests.test_two_phase_pipeline" name="test_dormer_schema_carries_per_photo_readings" time="0.000" /><testcase classname="tests.test_anthropic_direct_key" name="test_pick_llm_api_key_ignores_anthropic_direct_when_disabled" time="0.006" /><testcase classname="tests.test_anthropic_direct_key" name="test_pick_llm_api_key_falls_back_to_emergent_when_anthropic_unset" time="0.005" /><testcase classname="tests.test_anthropic_direct_key" name="test_pick_llm_api_key_never_uses_anthropic_for_gemini" time="0.006" /><testcase classname="tests.test_anthropic_direct_key" name="test_pick_llm_api_key_never_uses_anthropic_for_openai" time="0.005" /><testcase classname="tests.test_anthropic_direct_key" name="test_pick_llm_api_key_returns_none_when_both_missing" time="0.005" /><testcase classname="tests.test_anthropic_direct_key" name="test_pick_llm_api_key_ignores_whitespace_only_anthropic" time="0.005" /><testcase classname="tests.test_anthropic_direct_key" name="test_anthropic_key_env_never_referenced_by_frontend" time="0.005" /></testsuite></testsuites>