<?xml version="1.0" encoding="utf-8"?><testsuites name="pytest tests"><testsuite name="pytest" errors="0" failures="0" skipped="0" tests="9" time="2.279" timestamp="2026-07-05T01:04:39.649581+00:00" hostname="agent-env-ff9133b9-e0f4-4bd3-80f1-eaea764f7ab0"><testcase classname="tests.test_ai_measure_health_http" name="test_health_requires_auth" time="0.238" /><testcase classname="tests.test_ai_measure_health_http" name="test_health_response_shape" time="1.249" /><testcase classname="tests.test_ai_measure_health_http" name="test_health_cache_within_ttl" time="0.101" /><testcase classname="tests.test_ai_measure_health_http" name="test_status_response_includes_error_kind" time="0.054" /><testcase classname="tests.test_ai_measure_health_http" name="test_rerun_requires_auth" time="0.140" /><testcase classname="tests.test_ai_measure_health_http" name="test_latest_for_estimate_requires_auth" time="0.133" /><testcase classname="tests.test_ai_measure_health_http" name="test_history_requires_auth" time="0.101" /><testcase classname="tests.test_ai_measure_health_http" name="test_latest_for_estimate_unknown_returns_null_run" time="0.052" /><testcase classname="tests.test_ai_measure_health_http" name="test_history_unknown_returns_empty_list" time="0.055" /></testsuite></testsuites>