<?xml version="1.0" encoding="utf-8"?><testsuites name="pytest tests"><testsuite name="pytest" errors="0" failures="0" skipped="0" tests="3" time="0.910" timestamp="2026-07-17T12:38:59.236490+00:00" hostname="agent-env-ff9133b9-e0f4-4bd3-80f1-eaea764f7ab0"><testcase classname="tests.test_iteration_47_haugh" name="test_A_default_hover_lp_run_waste_and_basis" time="0.599" /><testcase classname="tests.test_iteration_47_haugh" name="test_B_facade_scope_custom_2376" time="0.119" /><testcase classname="tests.test_iteration_47_haugh" name="test_C_letrick_photo_regression" time="0.119" /></testsuite></testsuites>