<?xml version="1.0" encoding="utf-8"?><testsuites name="pytest tests"><testsuite name="pytest" errors="0" failures="0" skipped="0" tests="23" time="5.727" timestamp="2026-05-23T19:47:52.941146+00:00" hostname="agent-env-ff9133b9-e0f4-4bd3-80f1-eaea764f7ab0"><testcase classname="backend.tests.test_iteration6_tiers.TestAdminTiers" name="test_list_tiers_no_token_forbidden" time="0.213" /><testcase classname="backend.tests.test_iteration6_tiers.TestAdminTiers" name="test_list_tiers_returns_4_seeded" time="0.150" /><testcase classname="backend.tests.test_iteration6_tiers.TestAdminTiers" name="test_get_tier_by_id" time="0.126" /><testcase classname="backend.tests.test_iteration6_tiers.TestAdminTiers" name="test_get_tier_no_token_403" time="0.141" /><testcase classname="backend.tests.test_iteration6_tiers.TestAdminTiers" name="test_get_tier_unknown_404" time="0.107" /><testcase classname="backend.tests.test_iteration6_tiers.TestAdminTiers" name="test_put_tier_persists" time="0.607" /><testcase classname="backend.tests.test_iteration6_tiers.TestAdminCompanies" name="test_list_companies_no_token" time="0.094" /><testcase classname="backend.tests.test_iteration6_tiers.TestAdminCompanies" name="test_list_companies_with_token" time="0.481" /><testcase classname="backend.tests.test_iteration6_tiers.TestAdminCompanies" name="test_assign_tier_unknown_tier_400" time="0.104" /><testcase classname="backend.tests.test_iteration6_tiers.TestAdminCompanies" name="test_assign_tier_unknown_company_404" time="0.104" /><testcase classname="backend.tests.test_iteration6_tiers.TestAdminCompanies" name="test_assign_tier_success_and_persistence" time="0.250" /><testcase classname="backend.tests.test_iteration6_tiers.TestContractorCatalog" name="test_catalog_returns_tier_fields" time="0.060" /><testcase classname="backend.tests.test_iteration6_tiers.TestContractorCatalog" name="test_switching_tier_changes_mat" time="0.414" /><testcase classname="backend.tests.test_iteration6_tiers.TestContractorCatalog" name="test_put_catalog_strips_mat_only_lab_persists" time="0.173" /><testcase classname="backend.tests.test_iteration6_tiers.TestContractorCatalog" name="test_reset_clears_labor_overrides" time="0.057" /><testcase classname="backend.tests.test_iteration6_tiers.TestContractorIsolation" name="test_two_contractors_different_tiers_no_bleed" time="0.873" /><testcase classname="backend.tests.test_iteration6_tiers.TestEstimateCRUD" name="test_estimate_full_cycle" time="0.403" /><testcase classname="backend.tests.test_iteration6_tiers.TestRegression" name="test_branding_public" time="0.118" /><testcase classname="backend.tests.test_iteration6_tiers.TestRegression" name="test_signup_gating_still_enforced" time="0.104" /><testcase classname="backend.tests.test_iteration6_tiers.TestRegression" name="test_signup_with_correct_code" time="0.327" /><testcase classname="backend.tests.test_iteration6_tiers.TestRegression" name="test_email_status_requires_auth" time="0.110" /><testcase classname="backend.tests.test_iteration6_tiers.TestRegression" name="test_email_status_authed" time="0.414" /><testcase classname="backend.tests.test_iteration6_tiers.TestRegression" name="test_estimates_csv" time="0.062" /></testsuite></testsuites>