<?xml version="1.0" encoding="utf-8"?><testsuites name="pytest tests"><testsuite name="pytest" errors="0" failures="0" skipped="0" tests="45" time="8.910" timestamp="2026-05-23T13:32:14.093886+00:00" hostname="agent-env-ff9133b9-e0f4-4bd3-80f1-eaea764f7ab0"><testcase classname="backend.tests.test_estimator_api.TestAuthAndCompany" name="test_root" time="0.145" /><testcase classname="backend.tests.test_estimator_api.TestAuthAndCompany" name="test_register_with_company_name_creates_company" time="0.378" /><testcase classname="backend.tests.test_estimator_api.TestAuthAndCompany" name="test_register_with_invite_code_joins_company" time="0.746" /><testcase classname="backend.tests.test_estimator_api.TestAuthAndCompany" name="test_register_with_bad_invite_code" time="0.109" /><testcase classname="backend.tests.test_estimator_api.TestAuthAndCompany" name="test_admin_login_has_company_and_owner_role" time="0.426" /><testcase classname="backend.tests.test_estimator_api.TestAuthAndCompany" name="test_login_wrong_password" time="0.353" /><testcase classname="backend.tests.test_estimator_api.TestAuthAndCompany" name="test_estimates_requires_auth" time="0.123" /><testcase classname="backend.tests.test_estimator_api.TestAuthAndCompany" name="test_company_requires_auth" time="0.123" /><testcase classname="backend.tests.test_estimator_api.TestCatalogPerCompany" name="test_catalog_isolated_between_companies" time="0.703" /><testcase classname="backend.tests.test_estimator_api.TestEstimatesMultiTenant" name="test_misc_lines_roundtrip" time="0.143" /><testcase classname="backend.tests.test_estimator_api.TestEstimatesMultiTenant" name="test_same_company_users_see_each_other" time="0.529" /><testcase classname="backend.tests.test_estimator_api.TestEstimatesMultiTenant" name="test_cross_company_isolation" time="0.222" /><testcase classname="backend.tests.test_estimator_api.TestCSVExports" name="test_dashboard_csv" time="0.050" /><testcase classname="backend.tests.test_estimator_api.TestCSVExports" name="test_per_estimate_csv" time="0.050" /><testcase classname="backend.tests.test_estimator_api.TestCSVExports" name="test_per_estimate_csv_cross_company_404" time="0.057" /><testcase classname="backend.tests.test_estimator_api.TestCSVExports" name="test_legacy_export_path_removed" time="0.046" /><testcase classname="backend.tests.test_estimator_api.TestEmail" name="test_email_status_configured" time="0.067" /><testcase classname="backend.tests.test_estimator_api.TestEmail" name="test_email_send_requires_auth" time="0.107" /><testcase classname="backend.tests.test_estimator_api.TestEmail" name="test_email_send_missing_estimate_404" time="0.049" /><testcase classname="backend.tests.test_estimator_api.TestUploads" name="test_upload_and_serve" time="0.149" /><testcase classname="backend.tests.test_estimator_api.TestCleanup" name="test_delete_test_estimate" time="0.053" /><testcase classname="backend.tests.test_iteration5_supplier.TestBrandingPublic" name="test_branding_no_auth" time="0.114" /><testcase classname="backend.tests.test_iteration5_supplier.TestSignupGating" name="test_register_without_codes_forbidden" time="0.108" /><testcase classname="backend.tests.test_iteration5_supplier.TestSignupGating" name="test_register_with_wrong_signup_code_forbidden" time="0.102" /><testcase classname="backend.tests.test_iteration5_supplier.TestSignupGating" name="test_register_with_empty_signup_code_forbidden" time="0.108" /><testcase classname="backend.tests.test_iteration5_supplier.TestSignupGating" name="test_register_with_correct_signup_code_creates_owner" time="0.486" /><testcase classname="backend.tests.test_iteration5_supplier.TestSignupGating" name="test_register_with_invite_code_joins_existing" time="0.333" /><testcase classname="backend.tests.test_iteration5_supplier.TestSignupGating" name="test_register_invalid_invite_code" time="0.124" /><testcase classname="backend.tests.test_iteration5_supplier.TestAlsideDefaultCatalog" name="test_default_catalog_first_section_and_item" time="0.053" /><testcase classname="backend.tests.test_iteration5_supplier.TestAlsideDefaultCatalog" name="test_default_catalog_has_ascend_section" time="0.052" /><testcase classname="backend.tests.test_iteration5_supplier.TestQuoteFooterToggle" name="test_company_has_quote_footer_enabled_default_true" time="0.000" /><testcase classname="backend.tests.test_iteration5_supplier.TestQuoteFooterToggle" name="test_put_company_disables_footer" time="0.102" /><testcase classname="backend.tests.test_iteration5_supplier.TestQuoteFooterToggle" name="test_put_company_reenables_footer" time="0.050" /><testcase classname="backend.tests.test_iteration5_supplier.TestAdminGating" name="test_signup_code_no_token_forbidden" time="0.105" /><testcase classname="backend.tests.test_iteration5_supplier.TestAdminGating" name="test_signup_code_wrong_token_forbidden" time="0.110" /><testcase classname="backend.tests.test_iteration5_supplier.TestAdminGating" name="test_signup_code_with_header_token" time="0.107" /><testcase classname="backend.tests.test_iteration5_supplier.TestAdminGating" name="test_signup_code_with_query_param_token" time="0.122" /><testcase classname="backend.tests.test_iteration5_supplier.TestAdminGating" name="test_admin_branding_put_no_token_forbidden" time="0.105" /><testcase classname="backend.tests.test_iteration5_supplier.TestAdminGating" name="test_admin_branding_update_and_reflect_in_public" time="0.456" /><testcase classname="backend.tests.test_iteration5_supplier.TestAdminGating" name="test_admin_upload_logo_and_serve" time="0.568" /><testcase classname="backend.tests.test_iteration5_supplier.TestRegressionIteration3" name="test_auth_me" time="0.411" /><testcase classname="backend.tests.test_iteration5_supplier.TestRegressionIteration3" name="test_company_get" time="0.062" /><testcase classname="backend.tests.test_iteration5_supplier.TestRegressionIteration3" name="test_estimate_crud" time="0.261" /><testcase classname="backend.tests.test_iteration5_supplier.TestRegressionIteration3" name="test_csv_export_dashboard" time="0.050" /><testcase classname="backend.tests.test_iteration5_supplier.TestRegressionIteration3" name="test_multi_tenant_isolation" time="0.169" /></testsuite></testsuites>