<?xml version="1.0" encoding="utf-8"?><testsuites name="pytest tests"><testsuite name="pytest" errors="0" failures="0" skipped="0" tests="24" time="4.647" timestamp="2026-05-23T13:31:27.598843+00:00" hostname="agent-env-ff9133b9-e0f4-4bd3-80f1-eaea764f7ab0"><testcase classname="backend.tests.test_iteration5_supplier.TestBrandingPublic" name="test_branding_no_auth" time="0.130" /><testcase classname="backend.tests.test_iteration5_supplier.TestSignupGating" name="test_register_without_codes_forbidden" time="0.117" /><testcase classname="backend.tests.test_iteration5_supplier.TestSignupGating" name="test_register_with_wrong_signup_code_forbidden" time="0.146" /><testcase classname="backend.tests.test_iteration5_supplier.TestSignupGating" name="test_register_with_empty_signup_code_forbidden" time="0.149" /><testcase classname="backend.tests.test_iteration5_supplier.TestSignupGating" name="test_register_with_correct_signup_code_creates_owner" time="0.484" /><testcase classname="backend.tests.test_iteration5_supplier.TestSignupGating" name="test_register_with_invite_code_joins_existing" time="0.346" /><testcase classname="backend.tests.test_iteration5_supplier.TestSignupGating" name="test_register_invalid_invite_code" time="0.146" /><testcase classname="backend.tests.test_iteration5_supplier.TestAlsideDefaultCatalog" name="test_default_catalog_first_section_and_item" time="0.055" /><testcase classname="backend.tests.test_iteration5_supplier.TestAlsideDefaultCatalog" name="test_default_catalog_has_ascend_section" time="0.054" /><testcase classname="backend.tests.test_iteration5_supplier.TestQuoteFooterToggle" name="test_company_has_quote_footer_enabled_default_true" time="0.000" /><testcase classname="backend.tests.test_iteration5_supplier.TestQuoteFooterToggle" name="test_put_company_disables_footer" time="0.099" /><testcase classname="backend.tests.test_iteration5_supplier.TestQuoteFooterToggle" name="test_put_company_reenables_footer" time="0.055" /><testcase classname="backend.tests.test_iteration5_supplier.TestAdminGating" name="test_signup_code_no_token_forbidden" time="0.110" /><testcase classname="backend.tests.test_iteration5_supplier.TestAdminGating" name="test_signup_code_wrong_token_forbidden" time="0.114" /><testcase classname="backend.tests.test_iteration5_supplier.TestAdminGating" name="test_signup_code_with_header_token" time="0.103" /><testcase classname="backend.tests.test_iteration5_supplier.TestAdminGating" name="test_signup_code_with_query_param_token" time="0.110" /><testcase classname="backend.tests.test_iteration5_supplier.TestAdminGating" name="test_admin_branding_put_no_token_forbidden" time="0.133" /><testcase classname="backend.tests.test_iteration5_supplier.TestAdminGating" name="test_admin_branding_update_and_reflect_in_public" time="0.436" /><testcase classname="backend.tests.test_iteration5_supplier.TestAdminGating" name="test_admin_upload_logo_and_serve" time="0.616" /><testcase classname="backend.tests.test_iteration5_supplier.TestRegressionIteration3" name="test_auth_me" time="0.404" /><testcase classname="backend.tests.test_iteration5_supplier.TestRegressionIteration3" name="test_company_get" time="0.059" /><testcase classname="backend.tests.test_iteration5_supplier.TestRegressionIteration3" name="test_estimate_crud" time="0.294" /><testcase classname="backend.tests.test_iteration5_supplier.TestRegressionIteration3" name="test_csv_export_dashboard" time="0.056" /><testcase classname="backend.tests.test_iteration5_supplier.TestRegressionIteration3" name="test_multi_tenant_isolation" time="0.166" /></testsuite></testsuites>